[10:30:14][ERR]: AitHibernateUtil.getSessionFactory()
[10:30:14][ERR]: org.hibernate.internal.util.config.ConfigurationException: Unable to perform unmarshalling at line number 0 and column 0 in RESOURCE hibernate.cfg.xml. Message: null
org.hibernate.orm.core@5.4.3.Final/org.hibernate.boot.cfgxml.internal.JaxbCfgProcessor.unmarshal(JaxbCfgProcessor.java:133)
org.hibernate.orm.core@5.4.3.Final/org.hibernate.boot.cfgxml.internal.JaxbCfgProcessor.unmarshal(JaxbCfgProcessor.java:65)
org.hibernate.orm.core@5.4.3.Final/org.hibernate.boot.cfgxml.internal.ConfigLoader.loadConfigXmlResource(ConfigLoader.java:57)
org.hibernate.orm.core@5.4.3.Final/org.hibernate.boot.registry.StandardServiceRegistryBuilder.configure(StandardServiceRegistryBuilder.java:165)
org.hibernate.orm.core@5.4.3.Final/org.hibernate.cfg.Configuration.configure(Configuration.java:258)
HBM/com.hbm.hibernate.AitHibernateUtil.getSessionFactory(AitHibernateUtil.java:46)
GUI/com.gui.context.AitMainContext.getSession(AitMainContext.java:68)
GUI/com.gui.context.AitInitializer.testDBConnection(AitInitializer.java:30)
GUI/com.gui.AppGUI.start(AppGUI.java:39)
javafx.graphics/com.sun.javafx.application.LauncherImpl.lambda$launchApplication1$9(LauncherImpl.java:846)
javafx.graphics/com.sun.javafx.application.PlatformImpl.lambda$runAndWait$12(PlatformImpl.java:455)
javafx.graphics/com.sun.javafx.application.PlatformImpl.lambda$runLater$10(PlatformImpl.java:428)
java.base/java.security.AccessController.doPrivileged(AccessController.java:389)
javafx.graphics/com.sun.javafx.application.PlatformImpl.lambda$runLater$11(PlatformImpl.java:427)
javafx.graphics/com.sun.glass.ui.InvokeLaterDispatcher$Future.run(InvokeLaterDispatcher.java:96)
javafx.graphics/com.sun.glass.ui.win.WinApplication._runLoop(Native Method)
javafx.graphics/com.sun.glass.ui.win.WinApplication.lambda$runLoop$3(WinApplication.java:174)
java.base/java.lang.Thread.run(Thread.java:835)

