[10:29:57][ERR]: java.lang.Exception: You must increase version mumber to 1.3.9 and try again!
HBM/com.hbm.managers.AitIdManager.checkVersionNumber(AitIdManager.java:101)
HBM/com.hbm.managers.AitIdManager.generateId(AitIdManager.java:60)
HBM/com.hbm.managers.AitIdManager.generateId(AitIdManager.java:44)
HBM/com.hbm.managers.AitIdManager.generateId(AitIdManager.java:36)
HBM/com.hbm.generators.AitCRGenerator.createCR(AitCRGenerator.java:13)
HBM/com.hbm.generators.AitCRGenerator.main(AitCRGenerator.java:9)


[10:31:18][ERR]: java.lang.Exception: You must increase version mumber to 1.3.9 and try again!
HBM/com.hbm.managers.AitIdManager.checkVersionNumber(AitIdManager.java:101)
HBM/com.hbm.managers.AitIdManager.generateId(AitIdManager.java:60)
HBM/com.hbm.managers.AitIdManager.generateId(AitIdManager.java:44)
HBM/com.hbm.managers.AitIdManager.generateId(AitIdManager.java:36)
HBM/com.hbm.generators.AitCRGenerator.createCR(AitCRGenerator.java:13)
HBM/com.hbm.generators.AitCRGenerator.main(AitCRGenerator.java:9)


[10:36:01][ERR]: java.lang.Exception: You must increase version mumber to 1.3.10 and try again!
HBM/com.hbm.managers.AitIdManager.checkVersionNumber(AitIdManager.java:101)
HBM/com.hbm.managers.AitIdManager.generateId(AitIdManager.java:60)
HBM/com.hbm.managers.AitIdManager.generateId(AitIdManager.java:44)
HBM/com.hbm.managers.AitIdManager.generateId(AitIdManager.java:36)
HBM/com.hbm.generators.AitCRGenerator.createCR(AitCRGenerator.java:13)
HBM/com.hbm.generators.AitCRGenerator.main(AitCRGenerator.java:9)


