[01:36:49][ERR]: AitHibernateUtil.getSessionFactory()
[01:36:49][ERR]: org.hibernate.service.spi.ServiceException: Unable to create requested service [org.hibernate.engine.jdbc.env.spi.JdbcEnvironment]
org.hibernate.orm.core@5.4.3.Final/org.hibernate.service.internal.AbstractServiceRegistryImpl.createService(AbstractServiceRegistryImpl.java:275)
org.hibernate.orm.core@5.4.3.Final/org.hibernate.service.internal.AbstractServiceRegistryImpl.initializeService(AbstractServiceRegistryImpl.java:237)
org.hibernate.orm.core@5.4.3.Final/org.hibernate.service.internal.AbstractServiceRegistryImpl.getService(AbstractServiceRegistryImpl.java:214)
org.hibernate.orm.core@5.4.3.Final/org.hibernate.id.factory.internal.DefaultIdentifierGeneratorFactory.injectServices(DefaultIdentifierGeneratorFactory.java:152)
org.hibernate.orm.core@5.4.3.Final/org.hibernate.service.internal.AbstractServiceRegistryImpl.injectDependencies(AbstractServiceRegistryImpl.java:286)
org.hibernate.orm.core@5.4.3.Final/org.hibernate.service.internal.AbstractServiceRegistryImpl.initializeService(AbstractServiceRegistryImpl.java:243)
org.hibernate.orm.core@5.4.3.Final/org.hibernate.service.internal.AbstractServiceRegistryImpl.getService(AbstractServiceRegistryImpl.java:214)
org.hibernate.orm.core@5.4.3.Final/org.hibernate.boot.internal.InFlightMetadataCollectorImpl.<init>(InFlightMetadataCollectorImpl.java:175)
org.hibernate.orm.core@5.4.3.Final/org.hibernate.boot.model.process.spi.MetadataBuildingProcess.complete(MetadataBuildingProcess.java:118)
org.hibernate.orm.core@5.4.3.Final/org.hibernate.boot.model.process.spi.MetadataBuildingProcess.build(MetadataBuildingProcess.java:83)
org.hibernate.orm.core@5.4.3.Final/org.hibernate.boot.internal.MetadataBuilderImpl.build(MetadataBuilderImpl.java:473)
org.hibernate.orm.core@5.4.3.Final/org.hibernate.boot.internal.MetadataBuilderImpl.build(MetadataBuilderImpl.java:84)
org.hibernate.orm.core@5.4.3.Final/org.hibernate.cfg.Configuration.buildSessionFactory(Configuration.java:689)
org.hibernate.orm.core@5.4.3.Final/org.hibernate.cfg.Configuration.buildSessionFactory(Configuration.java:724)
HBM/com.hbm.hibernate.AitHibernateUtil.getSessionFactory(AitHibernateUtil.java:51)
GUI/com.gui.context.AitMainContext.getSession(AitMainContext.java:68)
GUI/com.gui.context.AitInitializer.testDBConnection(AitInitializer.java:31)
GUI/com.gui.AppGUI.start(AppGUI.java:39)
javafx.graphics/com.sun.javafx.application.LauncherImpl.lambda$launchApplication1$9(LauncherImpl.java:846)
javafx.graphics/com.sun.javafx.application.PlatformImpl.lambda$runAndWait$12(PlatformImpl.java:455)
javafx.graphics/com.sun.javafx.application.PlatformImpl.lambda$runLater$10(PlatformImpl.java:428)
java.base/java.security.AccessController.doPrivileged(Native Method)
javafx.graphics/com.sun.javafx.application.PlatformImpl.lambda$runLater$11(PlatformImpl.java:427)
javafx.graphics/com.sun.glass.ui.InvokeLaterDispatcher$Future.run(InvokeLaterDispatcher.java:96)
javafx.graphics/com.sun.glass.ui.win.WinApplication._runLoop(Native Method)
javafx.graphics/com.sun.glass.ui.win.WinApplication.lambda$runLoop$3(WinApplication.java:174)
java.base/java.lang.Thread.run(Thread.java:829)

[01:41:04][ERR]: AitHibernateUtil.getSessionFactory()
[01:41:04][ERR]: org.hibernate.service.spi.ServiceException: Unable to create requested service [org.hibernate.engine.jdbc.env.spi.JdbcEnvironment]
org.hibernate.orm.core@5.4.3.Final/org.hibernate.service.internal.AbstractServiceRegistryImpl.createService(AbstractServiceRegistryImpl.java:275)
org.hibernate.orm.core@5.4.3.Final/org.hibernate.service.internal.AbstractServiceRegistryImpl.initializeService(AbstractServiceRegistryImpl.java:237)
org.hibernate.orm.core@5.4.3.Final/org.hibernate.service.internal.AbstractServiceRegistryImpl.getService(AbstractServiceRegistryImpl.java:214)
org.hibernate.orm.core@5.4.3.Final/org.hibernate.id.factory.internal.DefaultIdentifierGeneratorFactory.injectServices(DefaultIdentifierGeneratorFactory.java:152)
org.hibernate.orm.core@5.4.3.Final/org.hibernate.service.internal.AbstractServiceRegistryImpl.injectDependencies(AbstractServiceRegistryImpl.java:286)
org.hibernate.orm.core@5.4.3.Final/org.hibernate.service.internal.AbstractServiceRegistryImpl.initializeService(AbstractServiceRegistryImpl.java:243)
org.hibernate.orm.core@5.4.3.Final/org.hibernate.service.internal.AbstractServiceRegistryImpl.getService(AbstractServiceRegistryImpl.java:214)
org.hibernate.orm.core@5.4.3.Final/org.hibernate.boot.internal.InFlightMetadataCollectorImpl.<init>(InFlightMetadataCollectorImpl.java:175)
org.hibernate.orm.core@5.4.3.Final/org.hibernate.boot.model.process.spi.MetadataBuildingProcess.complete(MetadataBuildingProcess.java:118)
org.hibernate.orm.core@5.4.3.Final/org.hibernate.boot.model.process.spi.MetadataBuildingProcess.build(MetadataBuildingProcess.java:83)
org.hibernate.orm.core@5.4.3.Final/org.hibernate.boot.internal.MetadataBuilderImpl.build(MetadataBuilderImpl.java:473)
org.hibernate.orm.core@5.4.3.Final/org.hibernate.boot.internal.MetadataBuilderImpl.build(MetadataBuilderImpl.java:84)
org.hibernate.orm.core@5.4.3.Final/org.hibernate.cfg.Configuration.buildSessionFactory(Configuration.java:689)
org.hibernate.orm.core@5.4.3.Final/org.hibernate.cfg.Configuration.buildSessionFactory(Configuration.java:724)
HBM/com.hbm.hibernate.AitHibernateUtil.getSessionFactory(AitHibernateUtil.java:51)
GUI/com.gui.context.AitMainContext.getSession(AitMainContext.java:68)
GUI/com.gui.context.AitInitializer.testDBConnection(AitInitializer.java:31)
GUI/com.gui.AppGUI.start(AppGUI.java:39)
javafx.graphics/com.sun.javafx.application.LauncherImpl.lambda$launchApplication1$9(LauncherImpl.java:846)
javafx.graphics/com.sun.javafx.application.PlatformImpl.lambda$runAndWait$12(PlatformImpl.java:455)
javafx.graphics/com.sun.javafx.application.PlatformImpl.lambda$runLater$10(PlatformImpl.java:428)
java.base/java.security.AccessController.doPrivileged(Native Method)
javafx.graphics/com.sun.javafx.application.PlatformImpl.lambda$runLater$11(PlatformImpl.java:427)
javafx.graphics/com.sun.glass.ui.InvokeLaterDispatcher$Future.run$$$capture(InvokeLaterDispatcher.java:96)
javafx.graphics/com.sun.glass.ui.InvokeLaterDispatcher$Future.run(InvokeLaterDispatcher.java)
javafx.graphics/com.sun.glass.ui.win.WinApplication._runLoop(Native Method)
javafx.graphics/com.sun.glass.ui.win.WinApplication.lambda$runLoop$3(WinApplication.java:174)
java.base/java.lang.Thread.run(Thread.java:829)

[02:04:00][ERR]: AitHibernateUtil.getSessionFactory()
[02:04:00][ERR]: org.hibernate.service.spi.ServiceException: Unable to create requested service [org.hibernate.engine.jdbc.env.spi.JdbcEnvironment]
org.hibernate.orm.core@5.4.3.Final/org.hibernate.service.internal.AbstractServiceRegistryImpl.createService(AbstractServiceRegistryImpl.java:275)
org.hibernate.orm.core@5.4.3.Final/org.hibernate.service.internal.AbstractServiceRegistryImpl.initializeService(AbstractServiceRegistryImpl.java:237)
org.hibernate.orm.core@5.4.3.Final/org.hibernate.service.internal.AbstractServiceRegistryImpl.getService(AbstractServiceRegistryImpl.java:214)
org.hibernate.orm.core@5.4.3.Final/org.hibernate.id.factory.internal.DefaultIdentifierGeneratorFactory.injectServices(DefaultIdentifierGeneratorFactory.java:152)
org.hibernate.orm.core@5.4.3.Final/org.hibernate.service.internal.AbstractServiceRegistryImpl.injectDependencies(AbstractServiceRegistryImpl.java:286)
org.hibernate.orm.core@5.4.3.Final/org.hibernate.service.internal.AbstractServiceRegistryImpl.initializeService(AbstractServiceRegistryImpl.java:243)
org.hibernate.orm.core@5.4.3.Final/org.hibernate.service.internal.AbstractServiceRegistryImpl.getService(AbstractServiceRegistryImpl.java:214)
org.hibernate.orm.core@5.4.3.Final/org.hibernate.boot.internal.InFlightMetadataCollectorImpl.<init>(InFlightMetadataCollectorImpl.java:175)
org.hibernate.orm.core@5.4.3.Final/org.hibernate.boot.model.process.spi.MetadataBuildingProcess.complete(MetadataBuildingProcess.java:118)
org.hibernate.orm.core@5.4.3.Final/org.hibernate.boot.model.process.spi.MetadataBuildingProcess.build(MetadataBuildingProcess.java:83)
org.hibernate.orm.core@5.4.3.Final/org.hibernate.boot.internal.MetadataBuilderImpl.build(MetadataBuilderImpl.java:473)
org.hibernate.orm.core@5.4.3.Final/org.hibernate.boot.internal.MetadataBuilderImpl.build(MetadataBuilderImpl.java:84)
org.hibernate.orm.core@5.4.3.Final/org.hibernate.cfg.Configuration.buildSessionFactory(Configuration.java:689)
org.hibernate.orm.core@5.4.3.Final/org.hibernate.cfg.Configuration.buildSessionFactory(Configuration.java:724)
HBM/com.hbm.hibernate.AitHibernateUtil.getSessionFactory(AitHibernateUtil.java:51)
GUI/com.gui.context.AitMainContext.getSession(AitMainContext.java:68)
GUI/com.gui.context.AitInitializer.testDBConnection(AitInitializer.java:31)
GUI/com.gui.AppGUI.start(AppGUI.java:39)
javafx.graphics/com.sun.javafx.application.LauncherImpl.lambda$launchApplication1$9(LauncherImpl.java:846)
javafx.graphics/com.sun.javafx.application.PlatformImpl.lambda$runAndWait$12(PlatformImpl.java:455)
javafx.graphics/com.sun.javafx.application.PlatformImpl.lambda$runLater$10(PlatformImpl.java:428)
java.base/java.security.AccessController.doPrivileged(Native Method)
javafx.graphics/com.sun.javafx.application.PlatformImpl.lambda$runLater$11(PlatformImpl.java:427)
javafx.graphics/com.sun.glass.ui.InvokeLaterDispatcher$Future.run$$$capture(InvokeLaterDispatcher.java:96)
javafx.graphics/com.sun.glass.ui.InvokeLaterDispatcher$Future.run(InvokeLaterDispatcher.java)
javafx.graphics/com.sun.glass.ui.win.WinApplication._runLoop(Native Method)
javafx.graphics/com.sun.glass.ui.win.WinApplication.lambda$runLoop$3(WinApplication.java:174)
java.base/java.lang.Thread.run(Thread.java:829)

[02:05:16][ERR]: AitHibernateUtil.getSessionFactory()
[02:05:16][ERR]: org.hibernate.service.spi.ServiceException: Unable to create requested service [org.hibernate.engine.jdbc.env.spi.JdbcEnvironment]
org.hibernate.orm.core@5.4.3.Final/org.hibernate.service.internal.AbstractServiceRegistryImpl.createService(AbstractServiceRegistryImpl.java:275)
org.hibernate.orm.core@5.4.3.Final/org.hibernate.service.internal.AbstractServiceRegistryImpl.initializeService(AbstractServiceRegistryImpl.java:237)
org.hibernate.orm.core@5.4.3.Final/org.hibernate.service.internal.AbstractServiceRegistryImpl.getService(AbstractServiceRegistryImpl.java:214)
org.hibernate.orm.core@5.4.3.Final/org.hibernate.id.factory.internal.DefaultIdentifierGeneratorFactory.injectServices(DefaultIdentifierGeneratorFactory.java:152)
org.hibernate.orm.core@5.4.3.Final/org.hibernate.service.internal.AbstractServiceRegistryImpl.injectDependencies(AbstractServiceRegistryImpl.java:286)
org.hibernate.orm.core@5.4.3.Final/org.hibernate.service.internal.AbstractServiceRegistryImpl.initializeService(AbstractServiceRegistryImpl.java:243)
org.hibernate.orm.core@5.4.3.Final/org.hibernate.service.internal.AbstractServiceRegistryImpl.getService(AbstractServiceRegistryImpl.java:214)
org.hibernate.orm.core@5.4.3.Final/org.hibernate.boot.internal.InFlightMetadataCollectorImpl.<init>(InFlightMetadataCollectorImpl.java:175)
org.hibernate.orm.core@5.4.3.Final/org.hibernate.boot.model.process.spi.MetadataBuildingProcess.complete(MetadataBuildingProcess.java:118)
org.hibernate.orm.core@5.4.3.Final/org.hibernate.boot.model.process.spi.MetadataBuildingProcess.build(MetadataBuildingProcess.java:83)
org.hibernate.orm.core@5.4.3.Final/org.hibernate.boot.internal.MetadataBuilderImpl.build(MetadataBuilderImpl.java:473)
org.hibernate.orm.core@5.4.3.Final/org.hibernate.boot.internal.MetadataBuilderImpl.build(MetadataBuilderImpl.java:84)
org.hibernate.orm.core@5.4.3.Final/org.hibernate.cfg.Configuration.buildSessionFactory(Configuration.java:689)
org.hibernate.orm.core@5.4.3.Final/org.hibernate.cfg.Configuration.buildSessionFactory(Configuration.java:724)
HBM/com.hbm.hibernate.AitHibernateUtil.getSessionFactory(AitHibernateUtil.java:51)
GUI/com.gui.context.AitMainContext.getSession(AitMainContext.java:68)
GUI/com.gui.context.AitInitializer.testDBConnection(AitInitializer.java:31)
GUI/com.gui.AppGUI.start(AppGUI.java:39)
javafx.graphics/com.sun.javafx.application.LauncherImpl.lambda$launchApplication1$9(LauncherImpl.java:846)
javafx.graphics/com.sun.javafx.application.PlatformImpl.lambda$runAndWait$12(PlatformImpl.java:455)
javafx.graphics/com.sun.javafx.application.PlatformImpl.lambda$runLater$10(PlatformImpl.java:428)
java.base/java.security.AccessController.doPrivileged(Native Method)
javafx.graphics/com.sun.javafx.application.PlatformImpl.lambda$runLater$11(PlatformImpl.java:427)
javafx.graphics/com.sun.glass.ui.InvokeLaterDispatcher$Future.run$$$capture(InvokeLaterDispatcher.java:96)
javafx.graphics/com.sun.glass.ui.InvokeLaterDispatcher$Future.run(InvokeLaterDispatcher.java)
javafx.graphics/com.sun.glass.ui.win.WinApplication._runLoop(Native Method)
javafx.graphics/com.sun.glass.ui.win.WinApplication.lambda$runLoop$3(WinApplication.java:174)
java.base/java.lang.Thread.run(Thread.java:829)

[02:09:00][ERR]: AitHibernateUtil.getSessionFactory()
[02:09:00][ERR]: org.hibernate.service.spi.ServiceException: Unable to create requested service [org.hibernate.engine.jdbc.env.spi.JdbcEnvironment]
org.hibernate.orm.core@5.4.3.Final/org.hibernate.service.internal.AbstractServiceRegistryImpl.createService(AbstractServiceRegistryImpl.java:275)
org.hibernate.orm.core@5.4.3.Final/org.hibernate.service.internal.AbstractServiceRegistryImpl.initializeService(AbstractServiceRegistryImpl.java:237)
org.hibernate.orm.core@5.4.3.Final/org.hibernate.service.internal.AbstractServiceRegistryImpl.getService(AbstractServiceRegistryImpl.java:214)
org.hibernate.orm.core@5.4.3.Final/org.hibernate.id.factory.internal.DefaultIdentifierGeneratorFactory.injectServices(DefaultIdentifierGeneratorFactory.java:152)
org.hibernate.orm.core@5.4.3.Final/org.hibernate.service.internal.AbstractServiceRegistryImpl.injectDependencies(AbstractServiceRegistryImpl.java:286)
org.hibernate.orm.core@5.4.3.Final/org.hibernate.service.internal.AbstractServiceRegistryImpl.initializeService(AbstractServiceRegistryImpl.java:243)
org.hibernate.orm.core@5.4.3.Final/org.hibernate.service.internal.AbstractServiceRegistryImpl.getService(AbstractServiceRegistryImpl.java:214)
org.hibernate.orm.core@5.4.3.Final/org.hibernate.boot.internal.InFlightMetadataCollectorImpl.<init>(InFlightMetadataCollectorImpl.java:175)
org.hibernate.orm.core@5.4.3.Final/org.hibernate.boot.model.process.spi.MetadataBuildingProcess.complete(MetadataBuildingProcess.java:118)
org.hibernate.orm.core@5.4.3.Final/org.hibernate.boot.model.process.spi.MetadataBuildingProcess.build(MetadataBuildingProcess.java:83)
org.hibernate.orm.core@5.4.3.Final/org.hibernate.boot.internal.MetadataBuilderImpl.build(MetadataBuilderImpl.java:473)
org.hibernate.orm.core@5.4.3.Final/org.hibernate.boot.internal.MetadataBuilderImpl.build(MetadataBuilderImpl.java:84)
org.hibernate.orm.core@5.4.3.Final/org.hibernate.cfg.Configuration.buildSessionFactory(Configuration.java:689)
org.hibernate.orm.core@5.4.3.Final/org.hibernate.cfg.Configuration.buildSessionFactory(Configuration.java:724)
HBM/com.hbm.hibernate.AitHibernateUtil.getSessionFactory(AitHibernateUtil.java:51)
GUI/com.gui.context.AitMainContext.getSession(AitMainContext.java:68)
GUI/com.gui.context.AitInitializer.testDBConnection(AitInitializer.java:31)
GUI/com.gui.AppGUI.start(AppGUI.java:39)
javafx.graphics/com.sun.javafx.application.LauncherImpl.lambda$launchApplication1$9(LauncherImpl.java:846)
javafx.graphics/com.sun.javafx.application.PlatformImpl.lambda$runAndWait$12(PlatformImpl.java:455)
javafx.graphics/com.sun.javafx.application.PlatformImpl.lambda$runLater$10(PlatformImpl.java:428)
java.base/java.security.AccessController.doPrivileged(Native Method)
javafx.graphics/com.sun.javafx.application.PlatformImpl.lambda$runLater$11(PlatformImpl.java:427)
javafx.graphics/com.sun.glass.ui.InvokeLaterDispatcher$Future.run$$$capture(InvokeLaterDispatcher.java:96)
javafx.graphics/com.sun.glass.ui.InvokeLaterDispatcher$Future.run(InvokeLaterDispatcher.java)
javafx.graphics/com.sun.glass.ui.win.WinApplication._runLoop(Native Method)
javafx.graphics/com.sun.glass.ui.win.WinApplication.lambda$runLoop$3(WinApplication.java:174)
java.base/java.lang.Thread.run(Thread.java:829)

[02:10:13][ERR]: AitHibernateUtil.getSessionFactory()
[02:10:13][ERR]: org.hibernate.service.spi.ServiceException: Unable to create requested service [org.hibernate.engine.jdbc.env.spi.JdbcEnvironment]
org.hibernate.orm.core@5.4.3.Final/org.hibernate.service.internal.AbstractServiceRegistryImpl.createService(AbstractServiceRegistryImpl.java:275)
org.hibernate.orm.core@5.4.3.Final/org.hibernate.service.internal.AbstractServiceRegistryImpl.initializeService(AbstractServiceRegistryImpl.java:237)
org.hibernate.orm.core@5.4.3.Final/org.hibernate.service.internal.AbstractServiceRegistryImpl.getService(AbstractServiceRegistryImpl.java:214)
org.hibernate.orm.core@5.4.3.Final/org.hibernate.id.factory.internal.DefaultIdentifierGeneratorFactory.injectServices(DefaultIdentifierGeneratorFactory.java:152)
org.hibernate.orm.core@5.4.3.Final/org.hibernate.service.internal.AbstractServiceRegistryImpl.injectDependencies(AbstractServiceRegistryImpl.java:286)
org.hibernate.orm.core@5.4.3.Final/org.hibernate.service.internal.AbstractServiceRegistryImpl.initializeService(AbstractServiceRegistryImpl.java:243)
org.hibernate.orm.core@5.4.3.Final/org.hibernate.service.internal.AbstractServiceRegistryImpl.getService(AbstractServiceRegistryImpl.java:214)
org.hibernate.orm.core@5.4.3.Final/org.hibernate.boot.internal.InFlightMetadataCollectorImpl.<init>(InFlightMetadataCollectorImpl.java:175)
org.hibernate.orm.core@5.4.3.Final/org.hibernate.boot.model.process.spi.MetadataBuildingProcess.complete(MetadataBuildingProcess.java:118)
org.hibernate.orm.core@5.4.3.Final/org.hibernate.boot.model.process.spi.MetadataBuildingProcess.build(MetadataBuildingProcess.java:83)
org.hibernate.orm.core@5.4.3.Final/org.hibernate.boot.internal.MetadataBuilderImpl.build(MetadataBuilderImpl.java:473)
org.hibernate.orm.core@5.4.3.Final/org.hibernate.boot.internal.MetadataBuilderImpl.build(MetadataBuilderImpl.java:84)
org.hibernate.orm.core@5.4.3.Final/org.hibernate.cfg.Configuration.buildSessionFactory(Configuration.java:689)
org.hibernate.orm.core@5.4.3.Final/org.hibernate.cfg.Configuration.buildSessionFactory(Configuration.java:724)
HBM/com.hbm.hibernate.AitHibernateUtil.getSessionFactory(AitHibernateUtil.java:51)
GUI/com.gui.context.AitMainContext.getSession(AitMainContext.java:68)
GUI/com.gui.context.AitInitializer.testDBConnection(AitInitializer.java:31)
GUI/com.gui.AppGUI.start(AppGUI.java:39)
javafx.graphics/com.sun.javafx.application.LauncherImpl.lambda$launchApplication1$9(LauncherImpl.java:846)
javafx.graphics/com.sun.javafx.application.PlatformImpl.lambda$runAndWait$12(PlatformImpl.java:455)
javafx.graphics/com.sun.javafx.application.PlatformImpl.lambda$runLater$10(PlatformImpl.java:428)
java.base/java.security.AccessController.doPrivileged(Native Method)
javafx.graphics/com.sun.javafx.application.PlatformImpl.lambda$runLater$11(PlatformImpl.java:427)
javafx.graphics/com.sun.glass.ui.InvokeLaterDispatcher$Future.run$$$capture(InvokeLaterDispatcher.java:96)
javafx.graphics/com.sun.glass.ui.InvokeLaterDispatcher$Future.run(InvokeLaterDispatcher.java)
javafx.graphics/com.sun.glass.ui.win.WinApplication._runLoop(Native Method)
javafx.graphics/com.sun.glass.ui.win.WinApplication.lambda$runLoop$3(WinApplication.java:174)
java.base/java.lang.Thread.run(Thread.java:829)

[02:11:02][ERR]: AitHibernateUtil.getSessionFactory()
[02:11:02][ERR]: org.hibernate.service.spi.ServiceException: Unable to create requested service [org.hibernate.engine.jdbc.env.spi.JdbcEnvironment]
org.hibernate.orm.core@5.4.3.Final/org.hibernate.service.internal.AbstractServiceRegistryImpl.createService(AbstractServiceRegistryImpl.java:275)
org.hibernate.orm.core@5.4.3.Final/org.hibernate.service.internal.AbstractServiceRegistryImpl.initializeService(AbstractServiceRegistryImpl.java:237)
org.hibernate.orm.core@5.4.3.Final/org.hibernate.service.internal.AbstractServiceRegistryImpl.getService(AbstractServiceRegistryImpl.java:214)
org.hibernate.orm.core@5.4.3.Final/org.hibernate.id.factory.internal.DefaultIdentifierGeneratorFactory.injectServices(DefaultIdentifierGeneratorFactory.java:152)
org.hibernate.orm.core@5.4.3.Final/org.hibernate.service.internal.AbstractServiceRegistryImpl.injectDependencies(AbstractServiceRegistryImpl.java:286)
org.hibernate.orm.core@5.4.3.Final/org.hibernate.service.internal.AbstractServiceRegistryImpl.initializeService(AbstractServiceRegistryImpl.java:243)
org.hibernate.orm.core@5.4.3.Final/org.hibernate.service.internal.AbstractServiceRegistryImpl.getService(AbstractServiceRegistryImpl.java:214)
org.hibernate.orm.core@5.4.3.Final/org.hibernate.boot.internal.InFlightMetadataCollectorImpl.<init>(InFlightMetadataCollectorImpl.java:175)
org.hibernate.orm.core@5.4.3.Final/org.hibernate.boot.model.process.spi.MetadataBuildingProcess.complete(MetadataBuildingProcess.java:118)
org.hibernate.orm.core@5.4.3.Final/org.hibernate.boot.model.process.spi.MetadataBuildingProcess.build(MetadataBuildingProcess.java:83)
org.hibernate.orm.core@5.4.3.Final/org.hibernate.boot.internal.MetadataBuilderImpl.build(MetadataBuilderImpl.java:473)
org.hibernate.orm.core@5.4.3.Final/org.hibernate.boot.internal.MetadataBuilderImpl.build(MetadataBuilderImpl.java:84)
org.hibernate.orm.core@5.4.3.Final/org.hibernate.cfg.Configuration.buildSessionFactory(Configuration.java:689)
org.hibernate.orm.core@5.4.3.Final/org.hibernate.cfg.Configuration.buildSessionFactory(Configuration.java:724)
HBM/com.hbm.hibernate.AitHibernateUtil.getSessionFactory(AitHibernateUtil.java:51)
GUI/com.gui.context.AitMainContext.getSession(AitMainContext.java:68)
GUI/com.gui.context.AitInitializer.testDBConnection(AitInitializer.java:31)
GUI/com.gui.AppGUI.start(AppGUI.java:39)
javafx.graphics/com.sun.javafx.application.LauncherImpl.lambda$launchApplication1$9(LauncherImpl.java:846)
javafx.graphics/com.sun.javafx.application.PlatformImpl.lambda$runAndWait$12(PlatformImpl.java:455)
javafx.graphics/com.sun.javafx.application.PlatformImpl.lambda$runLater$10(PlatformImpl.java:428)
java.base/java.security.AccessController.doPrivileged(Native Method)
javafx.graphics/com.sun.javafx.application.PlatformImpl.lambda$runLater$11(PlatformImpl.java:427)
javafx.graphics/com.sun.glass.ui.InvokeLaterDispatcher$Future.run$$$capture(InvokeLaterDispatcher.java:96)
javafx.graphics/com.sun.glass.ui.InvokeLaterDispatcher$Future.run(InvokeLaterDispatcher.java)
javafx.graphics/com.sun.glass.ui.win.WinApplication._runLoop(Native Method)
javafx.graphics/com.sun.glass.ui.win.WinApplication.lambda$runLoop$3(WinApplication.java:174)
java.base/java.lang.Thread.run(Thread.java:829)

[02:15:33][ERR]: AitHibernateUtil.getSessionFactory()
[02:15:33][ERR]: org.hibernate.service.spi.ServiceException: Unable to create requested service [org.hibernate.engine.jdbc.env.spi.JdbcEnvironment]
org.hibernate.orm.core@5.4.3.Final/org.hibernate.service.internal.AbstractServiceRegistryImpl.createService(AbstractServiceRegistryImpl.java:275)
org.hibernate.orm.core@5.4.3.Final/org.hibernate.service.internal.AbstractServiceRegistryImpl.initializeService(AbstractServiceRegistryImpl.java:237)
org.hibernate.orm.core@5.4.3.Final/org.hibernate.service.internal.AbstractServiceRegistryImpl.getService(AbstractServiceRegistryImpl.java:214)
org.hibernate.orm.core@5.4.3.Final/org.hibernate.id.factory.internal.DefaultIdentifierGeneratorFactory.injectServices(DefaultIdentifierGeneratorFactory.java:152)
org.hibernate.orm.core@5.4.3.Final/org.hibernate.service.internal.AbstractServiceRegistryImpl.injectDependencies(AbstractServiceRegistryImpl.java:286)
org.hibernate.orm.core@5.4.3.Final/org.hibernate.service.internal.AbstractServiceRegistryImpl.initializeService(AbstractServiceRegistryImpl.java:243)
org.hibernate.orm.core@5.4.3.Final/org.hibernate.service.internal.AbstractServiceRegistryImpl.getService(AbstractServiceRegistryImpl.java:214)
org.hibernate.orm.core@5.4.3.Final/org.hibernate.boot.internal.InFlightMetadataCollectorImpl.<init>(InFlightMetadataCollectorImpl.java:175)
org.hibernate.orm.core@5.4.3.Final/org.hibernate.boot.model.process.spi.MetadataBuildingProcess.complete(MetadataBuildingProcess.java:118)
org.hibernate.orm.core@5.4.3.Final/org.hibernate.boot.model.process.spi.MetadataBuildingProcess.build(MetadataBuildingProcess.java:83)
org.hibernate.orm.core@5.4.3.Final/org.hibernate.boot.internal.MetadataBuilderImpl.build(MetadataBuilderImpl.java:473)
org.hibernate.orm.core@5.4.3.Final/org.hibernate.boot.internal.MetadataBuilderImpl.build(MetadataBuilderImpl.java:84)
org.hibernate.orm.core@5.4.3.Final/org.hibernate.cfg.Configuration.buildSessionFactory(Configuration.java:689)
org.hibernate.orm.core@5.4.3.Final/org.hibernate.cfg.Configuration.buildSessionFactory(Configuration.java:724)
HBM/com.hbm.hibernate.AitHibernateUtil.getSessionFactory(AitHibernateUtil.java:51)
GUI/com.gui.context.AitMainContext.getSession(AitMainContext.java:68)
GUI/com.gui.context.AitInitializer.testDBConnection(AitInitializer.java:31)
GUI/com.gui.AppGUI.start(AppGUI.java:39)
javafx.graphics/com.sun.javafx.application.LauncherImpl.lambda$launchApplication1$9(LauncherImpl.java:846)
javafx.graphics/com.sun.javafx.application.PlatformImpl.lambda$runAndWait$12(PlatformImpl.java:455)
javafx.graphics/com.sun.javafx.application.PlatformImpl.lambda$runLater$10(PlatformImpl.java:428)
java.base/java.security.AccessController.doPrivileged(Native Method)
javafx.graphics/com.sun.javafx.application.PlatformImpl.lambda$runLater$11(PlatformImpl.java:427)
javafx.graphics/com.sun.glass.ui.InvokeLaterDispatcher$Future.run$$$capture(InvokeLaterDispatcher.java:96)
javafx.graphics/com.sun.glass.ui.InvokeLaterDispatcher$Future.run(InvokeLaterDispatcher.java)
javafx.graphics/com.sun.glass.ui.win.WinApplication._runLoop(Native Method)
javafx.graphics/com.sun.glass.ui.win.WinApplication.lambda$runLoop$3(WinApplication.java:174)
java.base/java.lang.Thread.run(Thread.java:829)

[02:16:16][ERR]: AitHibernateUtil.getSessionFactory()
[02:16:16][ERR]: org.hibernate.service.spi.ServiceException: Unable to create requested service [org.hibernate.engine.jdbc.env.spi.JdbcEnvironment]
org.hibernate.orm.core@5.4.3.Final/org.hibernate.service.internal.AbstractServiceRegistryImpl.createService(AbstractServiceRegistryImpl.java:275)
org.hibernate.orm.core@5.4.3.Final/org.hibernate.service.internal.AbstractServiceRegistryImpl.initializeService(AbstractServiceRegistryImpl.java:237)
org.hibernate.orm.core@5.4.3.Final/org.hibernate.service.internal.AbstractServiceRegistryImpl.getService(AbstractServiceRegistryImpl.java:214)
org.hibernate.orm.core@5.4.3.Final/org.hibernate.id.factory.internal.DefaultIdentifierGeneratorFactory.injectServices(DefaultIdentifierGeneratorFactory.java:152)
org.hibernate.orm.core@5.4.3.Final/org.hibernate.service.internal.AbstractServiceRegistryImpl.injectDependencies(AbstractServiceRegistryImpl.java:286)
org.hibernate.orm.core@5.4.3.Final/org.hibernate.service.internal.AbstractServiceRegistryImpl.initializeService(AbstractServiceRegistryImpl.java:243)
org.hibernate.orm.core@5.4.3.Final/org.hibernate.service.internal.AbstractServiceRegistryImpl.getService(AbstractServiceRegistryImpl.java:214)
org.hibernate.orm.core@5.4.3.Final/org.hibernate.boot.internal.InFlightMetadataCollectorImpl.<init>(InFlightMetadataCollectorImpl.java:175)
org.hibernate.orm.core@5.4.3.Final/org.hibernate.boot.model.process.spi.MetadataBuildingProcess.complete(MetadataBuildingProcess.java:118)
org.hibernate.orm.core@5.4.3.Final/org.hibernate.boot.model.process.spi.MetadataBuildingProcess.build(MetadataBuildingProcess.java:83)
org.hibernate.orm.core@5.4.3.Final/org.hibernate.boot.internal.MetadataBuilderImpl.build(MetadataBuilderImpl.java:473)
org.hibernate.orm.core@5.4.3.Final/org.hibernate.boot.internal.MetadataBuilderImpl.build(MetadataBuilderImpl.java:84)
org.hibernate.orm.core@5.4.3.Final/org.hibernate.cfg.Configuration.buildSessionFactory(Configuration.java:689)
org.hibernate.orm.core@5.4.3.Final/org.hibernate.cfg.Configuration.buildSessionFactory(Configuration.java:724)
HBM/com.hbm.hibernate.AitHibernateUtil.getSessionFactory(AitHibernateUtil.java:51)
GUI/com.gui.context.AitMainContext.getSession(AitMainContext.java:68)
GUI/com.gui.context.AitInitializer.testDBConnection(AitInitializer.java:31)
GUI/com.gui.AppGUI.start(AppGUI.java:39)
javafx.graphics/com.sun.javafx.application.LauncherImpl.lambda$launchApplication1$9(LauncherImpl.java:846)
javafx.graphics/com.sun.javafx.application.PlatformImpl.lambda$runAndWait$12(PlatformImpl.java:455)
javafx.graphics/com.sun.javafx.application.PlatformImpl.lambda$runLater$10(PlatformImpl.java:428)
java.base/java.security.AccessController.doPrivileged(Native Method)
javafx.graphics/com.sun.javafx.application.PlatformImpl.lambda$runLater$11(PlatformImpl.java:427)
javafx.graphics/com.sun.glass.ui.InvokeLaterDispatcher$Future.run$$$capture(InvokeLaterDispatcher.java:96)
javafx.graphics/com.sun.glass.ui.InvokeLaterDispatcher$Future.run(InvokeLaterDispatcher.java)
javafx.graphics/com.sun.glass.ui.win.WinApplication._runLoop(Native Method)
javafx.graphics/com.sun.glass.ui.win.WinApplication.lambda$runLoop$3(WinApplication.java:174)
java.base/java.lang.Thread.run(Thread.java:829)

[02:17:20][ERR]: AitHibernateUtil.getSessionFactory()
[02:17:20][ERR]: org.hibernate.service.spi.ServiceException: Unable to create requested service [org.hibernate.engine.jdbc.env.spi.JdbcEnvironment]
org.hibernate.orm.core@5.4.3.Final/org.hibernate.service.internal.AbstractServiceRegistryImpl.createService(AbstractServiceRegistryImpl.java:275)
org.hibernate.orm.core@5.4.3.Final/org.hibernate.service.internal.AbstractServiceRegistryImpl.initializeService(AbstractServiceRegistryImpl.java:237)
org.hibernate.orm.core@5.4.3.Final/org.hibernate.service.internal.AbstractServiceRegistryImpl.getService(AbstractServiceRegistryImpl.java:214)
org.hibernate.orm.core@5.4.3.Final/org.hibernate.id.factory.internal.DefaultIdentifierGeneratorFactory.injectServices(DefaultIdentifierGeneratorFactory.java:152)
org.hibernate.orm.core@5.4.3.Final/org.hibernate.service.internal.AbstractServiceRegistryImpl.injectDependencies(AbstractServiceRegistryImpl.java:286)
org.hibernate.orm.core@5.4.3.Final/org.hibernate.service.internal.AbstractServiceRegistryImpl.initializeService(AbstractServiceRegistryImpl.java:243)
org.hibernate.orm.core@5.4.3.Final/org.hibernate.service.internal.AbstractServiceRegistryImpl.getService(AbstractServiceRegistryImpl.java:214)
org.hibernate.orm.core@5.4.3.Final/org.hibernate.boot.internal.InFlightMetadataCollectorImpl.<init>(InFlightMetadataCollectorImpl.java:175)
org.hibernate.orm.core@5.4.3.Final/org.hibernate.boot.model.process.spi.MetadataBuildingProcess.complete(MetadataBuildingProcess.java:118)
org.hibernate.orm.core@5.4.3.Final/org.hibernate.boot.model.process.spi.MetadataBuildingProcess.build(MetadataBuildingProcess.java:83)
org.hibernate.orm.core@5.4.3.Final/org.hibernate.boot.internal.MetadataBuilderImpl.build(MetadataBuilderImpl.java:473)
org.hibernate.orm.core@5.4.3.Final/org.hibernate.boot.internal.MetadataBuilderImpl.build(MetadataBuilderImpl.java:84)
org.hibernate.orm.core@5.4.3.Final/org.hibernate.cfg.Configuration.buildSessionFactory(Configuration.java:689)
org.hibernate.orm.core@5.4.3.Final/org.hibernate.cfg.Configuration.buildSessionFactory(Configuration.java:724)
HBM/com.hbm.hibernate.AitHibernateUtil.getSessionFactory(AitHibernateUtil.java:51)
GUI/com.gui.context.AitMainContext.getSession(AitMainContext.java:68)
GUI/com.gui.context.AitInitializer.testDBConnection(AitInitializer.java:31)
GUI/com.gui.AppGUI.start(AppGUI.java:39)
javafx.graphics/com.sun.javafx.application.LauncherImpl.lambda$launchApplication1$9(LauncherImpl.java:846)
javafx.graphics/com.sun.javafx.application.PlatformImpl.lambda$runAndWait$12(PlatformImpl.java:455)
javafx.graphics/com.sun.javafx.application.PlatformImpl.lambda$runLater$10(PlatformImpl.java:428)
java.base/java.security.AccessController.doPrivileged(Native Method)
javafx.graphics/com.sun.javafx.application.PlatformImpl.lambda$runLater$11(PlatformImpl.java:427)
javafx.graphics/com.sun.glass.ui.InvokeLaterDispatcher$Future.run(InvokeLaterDispatcher.java:96)
javafx.graphics/com.sun.glass.ui.win.WinApplication._runLoop(Native Method)
javafx.graphics/com.sun.glass.ui.win.WinApplication.lambda$runLoop$3(WinApplication.java:174)
java.base/java.lang.Thread.run(Thread.java:829)

[02:21:06][ERR]: AitHibernateUtil.getSessionFactory()
[02:21:07][ERR]: org.hibernate.service.spi.ServiceException: Unable to create requested service [org.hibernate.engine.jdbc.env.spi.JdbcEnvironment]
org.hibernate.orm.core@5.4.3.Final/org.hibernate.service.internal.AbstractServiceRegistryImpl.createService(AbstractServiceRegistryImpl.java:275)
org.hibernate.orm.core@5.4.3.Final/org.hibernate.service.internal.AbstractServiceRegistryImpl.initializeService(AbstractServiceRegistryImpl.java:237)
org.hibernate.orm.core@5.4.3.Final/org.hibernate.service.internal.AbstractServiceRegistryImpl.getService(AbstractServiceRegistryImpl.java:214)
org.hibernate.orm.core@5.4.3.Final/org.hibernate.id.factory.internal.DefaultIdentifierGeneratorFactory.injectServices(DefaultIdentifierGeneratorFactory.java:152)
org.hibernate.orm.core@5.4.3.Final/org.hibernate.service.internal.AbstractServiceRegistryImpl.injectDependencies(AbstractServiceRegistryImpl.java:286)
org.hibernate.orm.core@5.4.3.Final/org.hibernate.service.internal.AbstractServiceRegistryImpl.initializeService(AbstractServiceRegistryImpl.java:243)
org.hibernate.orm.core@5.4.3.Final/org.hibernate.service.internal.AbstractServiceRegistryImpl.getService(AbstractServiceRegistryImpl.java:214)
org.hibernate.orm.core@5.4.3.Final/org.hibernate.boot.internal.InFlightMetadataCollectorImpl.<init>(InFlightMetadataCollectorImpl.java:175)
org.hibernate.orm.core@5.4.3.Final/org.hibernate.boot.model.process.spi.MetadataBuildingProcess.complete(MetadataBuildingProcess.java:118)
org.hibernate.orm.core@5.4.3.Final/org.hibernate.boot.model.process.spi.MetadataBuildingProcess.build(MetadataBuildingProcess.java:83)
org.hibernate.orm.core@5.4.3.Final/org.hibernate.boot.internal.MetadataBuilderImpl.build(MetadataBuilderImpl.java:473)
org.hibernate.orm.core@5.4.3.Final/org.hibernate.boot.internal.MetadataBuilderImpl.build(MetadataBuilderImpl.java:84)
org.hibernate.orm.core@5.4.3.Final/org.hibernate.cfg.Configuration.buildSessionFactory(Configuration.java:689)
org.hibernate.orm.core@5.4.3.Final/org.hibernate.cfg.Configuration.buildSessionFactory(Configuration.java:724)
HBM/com.hbm.hibernate.AitHibernateUtil.getSessionFactory(AitHibernateUtil.java:51)
GUI/com.gui.context.AitMainContext.getSession(AitMainContext.java:68)
GUI/com.gui.context.AitInitializer.testDBConnection(AitInitializer.java:31)
GUI/com.gui.AppGUI.start(AppGUI.java:39)
javafx.graphics/com.sun.javafx.application.LauncherImpl.lambda$launchApplication1$9(LauncherImpl.java:846)
javafx.graphics/com.sun.javafx.application.PlatformImpl.lambda$runAndWait$12(PlatformImpl.java:455)
javafx.graphics/com.sun.javafx.application.PlatformImpl.lambda$runLater$10(PlatformImpl.java:428)
java.base/java.security.AccessController.doPrivileged(Native Method)
javafx.graphics/com.sun.javafx.application.PlatformImpl.lambda$runLater$11(PlatformImpl.java:427)
javafx.graphics/com.sun.glass.ui.InvokeLaterDispatcher$Future.run(InvokeLaterDispatcher.java:96)
javafx.graphics/com.sun.glass.ui.win.WinApplication._runLoop(Native Method)
javafx.graphics/com.sun.glass.ui.win.WinApplication.lambda$runLoop$3(WinApplication.java:174)
java.base/java.lang.Thread.run(Thread.java:829)

[04:58:29][ERR]: AitHibernateUtil.getSessionFactory()
[04:58:29][ERR]: org.hibernate.service.spi.ServiceException: Unable to create requested service [org.hibernate.engine.jdbc.env.spi.JdbcEnvironment]
org.hibernate.orm.core@5.4.3.Final/org.hibernate.service.internal.AbstractServiceRegistryImpl.createService(AbstractServiceRegistryImpl.java:275)
org.hibernate.orm.core@5.4.3.Final/org.hibernate.service.internal.AbstractServiceRegistryImpl.initializeService(AbstractServiceRegistryImpl.java:237)
org.hibernate.orm.core@5.4.3.Final/org.hibernate.service.internal.AbstractServiceRegistryImpl.getService(AbstractServiceRegistryImpl.java:214)
org.hibernate.orm.core@5.4.3.Final/org.hibernate.id.factory.internal.DefaultIdentifierGeneratorFactory.injectServices(DefaultIdentifierGeneratorFactory.java:152)
org.hibernate.orm.core@5.4.3.Final/org.hibernate.service.internal.AbstractServiceRegistryImpl.injectDependencies(AbstractServiceRegistryImpl.java:286)
org.hibernate.orm.core@5.4.3.Final/org.hibernate.service.internal.AbstractServiceRegistryImpl.initializeService(AbstractServiceRegistryImpl.java:243)
org.hibernate.orm.core@5.4.3.Final/org.hibernate.service.internal.AbstractServiceRegistryImpl.getService(AbstractServiceRegistryImpl.java:214)
org.hibernate.orm.core@5.4.3.Final/org.hibernate.boot.internal.InFlightMetadataCollectorImpl.<init>(InFlightMetadataCollectorImpl.java:175)
org.hibernate.orm.core@5.4.3.Final/org.hibernate.boot.model.process.spi.MetadataBuildingProcess.complete(MetadataBuildingProcess.java:118)
org.hibernate.orm.core@5.4.3.Final/org.hibernate.boot.model.process.spi.MetadataBuildingProcess.build(MetadataBuildingProcess.java:83)
org.hibernate.orm.core@5.4.3.Final/org.hibernate.boot.internal.MetadataBuilderImpl.build(MetadataBuilderImpl.java:473)
org.hibernate.orm.core@5.4.3.Final/org.hibernate.boot.internal.MetadataBuilderImpl.build(MetadataBuilderImpl.java:84)
org.hibernate.orm.core@5.4.3.Final/org.hibernate.cfg.Configuration.buildSessionFactory(Configuration.java:689)
org.hibernate.orm.core@5.4.3.Final/org.hibernate.cfg.Configuration.buildSessionFactory(Configuration.java:724)
HBM/com.hbm.hibernate.AitHibernateUtil.getSessionFactory(AitHibernateUtil.java:51)
GUI/com.gui.context.AitMainContext.getSession(AitMainContext.java:68)
GUI/com.gui.context.AitInitializer.testDBConnection(AitInitializer.java:31)
GUI/com.gui.AppGUI.start(AppGUI.java:39)
javafx.graphics/com.sun.javafx.application.LauncherImpl.lambda$launchApplication1$9(LauncherImpl.java:846)
javafx.graphics/com.sun.javafx.application.PlatformImpl.lambda$runAndWait$12(PlatformImpl.java:455)
javafx.graphics/com.sun.javafx.application.PlatformImpl.lambda$runLater$10(PlatformImpl.java:428)
java.base/java.security.AccessController.doPrivileged(Native Method)
javafx.graphics/com.sun.javafx.application.PlatformImpl.lambda$runLater$11(PlatformImpl.java:427)
javafx.graphics/com.sun.glass.ui.InvokeLaterDispatcher$Future.run(InvokeLaterDispatcher.java:96)
javafx.graphics/com.sun.glass.ui.win.WinApplication._runLoop(Native Method)
javafx.graphics/com.sun.glass.ui.win.WinApplication.lambda$runLoop$3(WinApplication.java:174)
java.base/java.lang.Thread.run(Thread.java:829)

