[10:27:34][INF]: opening: AitHibernateUtil.AitHibernateUtil()
[10:27:34][INF]: exiting: AitHibernateUtil.AitHibernateUtil()
[10:27:34][INF]: opening: AitHibernateUtil.getSessionFactory()
[10:27:35][INF]: exiting: AitHibernateUtil.getSessionFactory()
[10:27:35][INF]: opening: AitDAOFactory.AitDAOFactory()
[10:27:35][INF]: exiting: AitDAOFactory.AitDAOFactory()
[10:27:35][INF]: opening: AitDAOFactory.instantiateDAO()
[10:27:35][INF]: opening: AitGenericDAO.AitGenericDAO(Session)
[10:27:35][INF]: exiting: AitGenericDAO.AitGenericDAO(Session)
[10:27:35][INF]: exiting: AitDAOFactory.instantiateDAO()
[10:27:35][INF]: opening: AitAccountDAO.findAccountByPass(String)
[10:27:35][INF]: exiting: AitAccountDAO.findAccountByPass(String)
[10:27:35][INF]: opening: AitDAOFactory.AitDAOFactory()
[10:27:35][INF]: exiting: AitDAOFactory.AitDAOFactory()
[10:28:35][INF]: opening: AitHibernateUtil.AitHibernateUtil()
[10:28:35][INF]: exiting: AitHibernateUtil.AitHibernateUtil()
[10:28:35][INF]: opening: AitHibernateUtil.getSessionFactory()
[10:28:36][INF]: exiting: AitHibernateUtil.getSessionFactory()
[10:28:36][INF]: opening: AitDAOFactory.AitDAOFactory()
[10:28:36][INF]: exiting: AitDAOFactory.AitDAOFactory()
[10:28:36][INF]: opening: AitDAOFactory.instantiateDAO()
[10:28:36][INF]: opening: AitGenericDAO.AitGenericDAO(Session)
[10:28:36][INF]: exiting: AitGenericDAO.AitGenericDAO(Session)
[10:28:36][INF]: exiting: AitDAOFactory.instantiateDAO()
[10:28:36][INF]: opening: AitAccountDAO.findAccountByPass(String)
[10:28:36][INF]: exiting: AitAccountDAO.findAccountByPass(String)
[10:28:36][INF]: opening: AitDAOFactory.AitDAOFactory()
[10:28:36][INF]: exiting: AitDAOFactory.AitDAOFactory()
[10:29:56][INF]: opening: AitHibernateUtil.AitHibernateUtil()
[10:29:56][INF]: exiting: AitHibernateUtil.AitHibernateUtil()
[10:29:56][INF]: opening: AitHibernateUtil.getSessionFactory()
[10:29:57][INF]: exiting: AitHibernateUtil.getSessionFactory()
[10:29:57][INF]: opening: AitDAOFactory.AitDAOFactory()
[10:29:57][INF]: exiting: AitDAOFactory.AitDAOFactory()
[10:29:57][INF]: opening: AitDAOFactory.instantiateDAO()
[10:29:57][INF]: opening: AitGenericDAO.AitGenericDAO(Session)
[10:29:57][INF]: exiting: AitGenericDAO.AitGenericDAO(Session)
[10:29:57][INF]: exiting: AitDAOFactory.instantiateDAO()
[10:29:57][INF]: opening: AitAccountDAO.findAccountByPass(String)
[10:29:57][INF]: exiting: AitAccountDAO.findAccountByPass(String)
[10:29:57][INF]: opening: AitDAOFactory.AitDAOFactory()
[10:29:57][INF]: exiting: AitDAOFactory.AitDAOFactory()
[10:31:17][INF]: opening: AitHibernateUtil.AitHibernateUtil()
[10:31:17][INF]: exiting: AitHibernateUtil.AitHibernateUtil()
[10:31:17][INF]: opening: AitHibernateUtil.getSessionFactory()
[10:31:18][INF]: exiting: AitHibernateUtil.getSessionFactory()
[10:31:18][INF]: opening: AitDAOFactory.AitDAOFactory()
[10:31:18][INF]: exiting: AitDAOFactory.AitDAOFactory()
[10:31:18][INF]: opening: AitDAOFactory.instantiateDAO()
[10:31:18][INF]: opening: AitGenericDAO.AitGenericDAO(Session)
[10:31:18][INF]: exiting: AitGenericDAO.AitGenericDAO(Session)
[10:31:18][INF]: exiting: AitDAOFactory.instantiateDAO()
[10:31:18][INF]: opening: AitAccountDAO.findAccountByPass(String)
[10:31:18][INF]: exiting: AitAccountDAO.findAccountByPass(String)
[10:31:18][INF]: opening: AitDAOFactory.AitDAOFactory()
[10:31:18][INF]: exiting: AitDAOFactory.AitDAOFactory()
[10:33:52][INF]: opening: AitHibernateUtil.AitHibernateUtil()
[10:33:52][INF]: exiting: AitHibernateUtil.AitHibernateUtil()
[10:33:52][INF]: opening: AitHibernateUtil.getSessionFactory()
[10:33:53][INF]: exiting: AitHibernateUtil.getSessionFactory()
[10:33:53][INF]: opening: AitDAOFactory.AitDAOFactory()
[10:33:53][INF]: exiting: AitDAOFactory.AitDAOFactory()
[10:33:53][INF]: opening: AitDAOFactory.instantiateDAO()
[10:33:53][INF]: opening: AitGenericDAO.AitGenericDAO(Session)
[10:33:53][INF]: exiting: AitGenericDAO.AitGenericDAO(Session)
[10:33:53][INF]: exiting: AitDAOFactory.instantiateDAO()
[10:33:53][INF]: opening: AitAccountDAO.findAccountByPass(String)
[10:33:53][INF]: exiting: AitAccountDAO.findAccountByPass(String)
[10:33:53][INF]: opening: AitDAOFactory.AitDAOFactory()
[10:33:53][INF]: exiting: AitDAOFactory.AitDAOFactory()
[10:36:00][INF]: opening: AitHibernateUtil.AitHibernateUtil()
[10:36:00][INF]: exiting: AitHibernateUtil.AitHibernateUtil()
[10:36:00][INF]: opening: AitHibernateUtil.getSessionFactory()
[10:36:01][INF]: exiting: AitHibernateUtil.getSessionFactory()
[10:36:01][INF]: opening: AitDAOFactory.AitDAOFactory()
[10:36:01][INF]: exiting: AitDAOFactory.AitDAOFactory()
[10:36:01][INF]: opening: AitDAOFactory.instantiateDAO()
[10:36:01][INF]: opening: AitGenericDAO.AitGenericDAO(Session)
[10:36:01][INF]: exiting: AitGenericDAO.AitGenericDAO(Session)
[10:36:01][INF]: exiting: AitDAOFactory.instantiateDAO()
[10:36:01][INF]: opening: AitAccountDAO.findAccountByPass(String)
[10:36:01][INF]: exiting: AitAccountDAO.findAccountByPass(String)
[10:36:01][INF]: opening: AitDAOFactory.AitDAOFactory()
[10:36:01][INF]: exiting: AitDAOFactory.AitDAOFactory()
[01:58:30][INF]: opening: AitHibernateUtil.AitHibernateUtil()
[01:58:30][INF]: exiting: AitHibernateUtil.AitHibernateUtil()
[01:58:30][INF]: opening: AitHibernateUtil.getSessionFactory()
[01:58:32][INF]: exiting: AitHibernateUtil.getSessionFactory()
[01:58:32][INF]: opening: AitDAOFactory.AitDAOFactory()
[01:58:32][INF]: exiting: AitDAOFactory.AitDAOFactory()
[01:58:32][INF]: opening: AitDAOFactory.instantiateDAO()
[01:58:32][INF]: opening: AitGenericDAO.AitGenericDAO(Session)
[01:58:32][INF]: exiting: AitGenericDAO.AitGenericDAO(Session)
[01:58:32][INF]: exiting: AitDAOFactory.instantiateDAO()
[01:58:32][INF]: opening: AitAccountDAO.findAccountByPass(String)
[01:58:32][INF]: exiting: AitAccountDAO.findAccountByPass(String)
[01:58:32][INF]: opening: AitDAOFactory.AitDAOFactory()
[01:58:32][INF]: exiting: AitDAOFactory.AitDAOFactory()
[03:09:35][INF]: opening: AitIdManager.initFrames()
[03:09:35][INF]: exiting: AitIdManager.initFrames()
[03:09:35][INF]: opening: AitInitializer.testDBConnection()
[03:09:35][INF]: opening: AitHibernateUtil.AitHibernateUtil()
[03:09:35][INF]: exiting: AitHibernateUtil.AitHibernateUtil()
[03:09:35][INF]: opening: AitHibernateUtil.getSessionFactory()
[03:09:36][INF]: exiting: AitHibernateUtil.getSessionFactory()
[03:09:36][INF]: exiting: AitInitializer.testDBConnection()
[03:09:37][INF]: opening: AitArnoController.initialize()
[03:09:37][INF]: opening: AitInitializer.registerAppSettings()
[03:09:37][INF]: exiting: AitInitializer.registerAppSettings()
[03:09:37][INF]: exiting: AitArnoController.initialize()
[03:09:39][INF]: opening: AitDAOFactory.AitDAOFactory()
[03:09:39][INF]: exiting: AitDAOFactory.AitDAOFactory()
[03:09:40][INF]: opening: AitDAOFactory.instantiateDAO()
[03:09:40][INF]: opening: AitGenericDAO.AitGenericDAO(Session)
[03:09:40][INF]: exiting: AitGenericDAO.AitGenericDAO(Session)
[03:09:40][INF]: exiting: AitDAOFactory.instantiateDAO()
[03:09:40][INF]: opening: AitUserHostDAO.findUserHostsByHostName(String)
[03:09:40][INF]: opening: AitDAOFactory.AitDAOFactory()
[03:09:40][INF]: exiting: AitDAOFactory.AitDAOFactory()
[03:09:40][INF]: exiting: AitUserHostDAO.findUserHostsByHostName(String)
[03:09:40][INF]: opening: AitDAOFactory.AitDAOFactory()
[03:09:40][INF]: exiting: AitDAOFactory.AitDAOFactory()
[03:09:40][INF]: opening: AitDashboardController.initialize()
[03:09:40][INF]: opening: AitDAOFactory.AitDAOFactory()
[03:09:40][INF]: exiting: AitDAOFactory.AitDAOFactory()
[03:09:40][INF]: opening: AitDAOFactory.instantiateDAO()
[03:09:40][INF]: opening: AitGenericDAO.AitGenericDAO(Session)
[03:09:40][INF]: exiting: AitGenericDAO.AitGenericDAO(Session)
[03:09:40][INF]: exiting: AitDAOFactory.instantiateDAO()
[03:09:40][INF]: opening: AitUserDataDAO.findUserHostsByAccountId(int)
[03:09:40][INF]: opening: AitDAOFactory.AitDAOFactory()
[03:09:40][INF]: exiting: AitDAOFactory.AitDAOFactory()
[03:09:40][INF]: exiting: AitUserDataDAO.findUserHostsByAccountId(int)
[03:09:40][INF]: exiting: AitDashboardController.initialize()
