[10:10:33][INF]: opening: AitHibernateUtil.AitHibernateUtil()
[10:10:33][INF]: exiting: AitHibernateUtil.AitHibernateUtil()
[10:10:33][INF]: opening: AitHibernateUtil.getSessionFactory()
[10:27:40][INF]: opening: AitIdManager.initFrames()
[10:27:40][INF]: exiting: AitIdManager.initFrames()
[10:27:40][INF]: opening: AitInitializer.testDBConnection()
[10:27:40][INF]: opening: AitHibernateUtil.AitHibernateUtil()
[10:27:40][INF]: exiting: AitHibernateUtil.AitHibernateUtil()
[10:27:40][INF]: opening: AitHibernateUtil.getSessionFactory()
[10:29:43][INF]: opening: AitIdManager.initFrames()
[10:29:43][INF]: exiting: AitIdManager.initFrames()
[10:29:43][INF]: opening: AitInitializer.testDBConnection()
[10:29:43][INF]: opening: AitHibernateUtil.AitHibernateUtil()
[10:29:43][INF]: exiting: AitHibernateUtil.AitHibernateUtil()
[10:29:43][INF]: opening: AitHibernateUtil.getSessionFactory()
[10:30:00][INF]: opening: AitIdManager.initFrames()
[10:30:00][INF]: exiting: AitIdManager.initFrames()
[10:30:00][INF]: opening: AitInitializer.testDBConnection()
[10:30:00][INF]: opening: AitHibernateUtil.AitHibernateUtil()
[10:30:00][INF]: exiting: AitHibernateUtil.AitHibernateUtil()
[10:30:00][INF]: opening: AitHibernateUtil.getSessionFactory()
[10:30:14][INF]: opening: AitIdManager.initFrames()
[10:30:14][INF]: exiting: AitIdManager.initFrames()
[10:30:14][INF]: opening: AitInitializer.testDBConnection()
[10:30:14][INF]: opening: AitHibernateUtil.AitHibernateUtil()
[10:30:14][INF]: exiting: AitHibernateUtil.AitHibernateUtil()
[10:30:14][INF]: opening: AitHibernateUtil.getSessionFactory()
[10:30:14][INF]: exiting: AitHibernateUtil.getSessionFactory()
[10:31:19][INF]: opening: AitIdManager.initFrames()
[10:31:19][INF]: exiting: AitIdManager.initFrames()
[10:31:19][INF]: opening: AitInitializer.testDBConnection()
[10:31:19][INF]: opening: AitHibernateUtil.AitHibernateUtil()
[10:31:19][INF]: exiting: AitHibernateUtil.AitHibernateUtil()
[10:31:19][INF]: opening: AitHibernateUtil.getSessionFactory()
[10:31:21][INF]: exiting: AitHibernateUtil.getSessionFactory()
[10:31:21][INF]: exiting: AitInitializer.testDBConnection()
[10:31:21][INF]: opening: AitArnoController.initialize()
[10:31:21][INF]: opening: AitInitializer.registerAppSettings()
[10:31:21][INF]: exiting: AitInitializer.registerAppSettings()
[10:31:21][INF]: exiting: AitArnoController.initialize()
[10:31:24][INF]: opening: AitDAOFactory.AitDAOFactory()
[10:31:24][INF]: exiting: AitDAOFactory.AitDAOFactory()
[10:31:24][INF]: opening: AitDAOFactory.instantiateDAO()
[10:31:24][INF]: opening: AitGenericDAO.AitGenericDAO(Session)
[10:31:24][INF]: exiting: AitGenericDAO.AitGenericDAO(Session)
[10:31:24][INF]: exiting: AitDAOFactory.instantiateDAO()
[10:31:24][INF]: opening: AitUserHostDAO.findUserHostsByHostName(String)
[10:31:24][INF]: opening: AitDAOFactory.AitDAOFactory()
[10:31:24][INF]: exiting: AitDAOFactory.AitDAOFactory()
[10:31:24][INF]: exiting: AitUserHostDAO.findUserHostsByHostName(String)
[10:31:24][INF]: opening: AitDAOFactory.AitDAOFactory()
[10:31:24][INF]: exiting: AitDAOFactory.AitDAOFactory()
[10:31:24][INF]: opening: AitDashboardController.initialize()
[10:31:24][INF]: opening: AitDAOFactory.AitDAOFactory()
[10:31:24][INF]: exiting: AitDAOFactory.AitDAOFactory()
[10:31:24][INF]: opening: AitDAOFactory.instantiateDAO()
[10:31:24][INF]: opening: AitGenericDAO.AitGenericDAO(Session)
[10:31:24][INF]: exiting: AitGenericDAO.AitGenericDAO(Session)
[10:31:24][INF]: exiting: AitDAOFactory.instantiateDAO()
[10:31:24][INF]: opening: AitUserDataDAO.findUserHostsByAccountId(int)
[10:31:24][INF]: opening: AitDAOFactory.AitDAOFactory()
[10:31:24][INF]: exiting: AitDAOFactory.AitDAOFactory()
[10:31:24][INF]: exiting: AitUserDataDAO.findUserHostsByAccountId(int)
[10:31:24][INF]: exiting: AitDashboardController.initialize()
[10:32:11][INF]: opening: AitIdManager.initFrames()
[10:32:11][INF]: exiting: AitIdManager.initFrames()
[10:32:11][INF]: opening: AitInitializer.testDBConnection()
[10:32:11][INF]: opening: AitHibernateUtil.AitHibernateUtil()
[10:32:11][INF]: exiting: AitHibernateUtil.AitHibernateUtil()
[10:32:11][INF]: opening: AitHibernateUtil.getSessionFactory()
[10:32:32][INF]: opening: AitIdManager.initFrames()
[10:32:32][INF]: exiting: AitIdManager.initFrames()
[10:32:32][INF]: opening: AitInitializer.testDBConnection()
[10:32:32][INF]: opening: AitHibernateUtil.AitHibernateUtil()
[10:32:32][INF]: exiting: AitHibernateUtil.AitHibernateUtil()
[10:32:32][INF]: opening: AitHibernateUtil.getSessionFactory()
[10:32:33][INF]: exiting: AitHibernateUtil.getSessionFactory()
[10:32:33][INF]: exiting: AitInitializer.testDBConnection()
[10:32:33][INF]: opening: AitArnoController.initialize()
[10:32:33][INF]: opening: AitInitializer.registerAppSettings()
[10:32:33][INF]: exiting: AitInitializer.registerAppSettings()
[10:32:33][INF]: exiting: AitArnoController.initialize()
[10:32:36][INF]: opening: AitDAOFactory.AitDAOFactory()
[10:32:36][INF]: exiting: AitDAOFactory.AitDAOFactory()
[10:32:36][INF]: opening: AitDAOFactory.instantiateDAO()
[10:32:36][INF]: opening: AitGenericDAO.AitGenericDAO(Session)
[10:32:36][INF]: exiting: AitGenericDAO.AitGenericDAO(Session)
[10:32:36][INF]: exiting: AitDAOFactory.instantiateDAO()
[10:32:36][INF]: opening: AitUserHostDAO.findUserHostsByHostName(String)
[10:32:36][INF]: opening: AitDAOFactory.AitDAOFactory()
[10:32:36][INF]: exiting: AitDAOFactory.AitDAOFactory()
[10:32:36][INF]: exiting: AitUserHostDAO.findUserHostsByHostName(String)
[10:32:36][INF]: opening: AitDAOFactory.AitDAOFactory()
[10:32:36][INF]: exiting: AitDAOFactory.AitDAOFactory()
[10:32:36][INF]: opening: AitDashboardController.initialize()
[10:32:36][INF]: opening: AitDAOFactory.AitDAOFactory()
[10:32:36][INF]: exiting: AitDAOFactory.AitDAOFactory()
[10:32:36][INF]: opening: AitDAOFactory.instantiateDAO()
[10:32:36][INF]: opening: AitGenericDAO.AitGenericDAO(Session)
[10:32:36][INF]: exiting: AitGenericDAO.AitGenericDAO(Session)
[10:32:36][INF]: exiting: AitDAOFactory.instantiateDAO()
[10:32:36][INF]: opening: AitUserDataDAO.findUserHostsByAccountId(int)
[10:32:36][INF]: opening: AitDAOFactory.AitDAOFactory()
[10:32:36][INF]: exiting: AitDAOFactory.AitDAOFactory()
[10:32:36][INF]: exiting: AitUserDataDAO.findUserHostsByAccountId(int)
[10:32:36][INF]: exiting: AitDashboardController.initialize()
[11:15:36][INF]: opening: AitHibernateUtil.AitHibernateUtil()
[11:15:36][INF]: exiting: AitHibernateUtil.AitHibernateUtil()
[11:15:36][INF]: opening: AitHibernateUtil.getSessionFactory()
[11:15:51][INF]: opening: AitHibernateUtil.AitHibernateUtil()
[11:15:51][INF]: exiting: AitHibernateUtil.AitHibernateUtil()
[11:15:51][INF]: opening: AitHibernateUtil.getSessionFactory()
[11:15:52][INF]: exiting: AitHibernateUtil.getSessionFactory()
[11:15:52][INF]: opening: AitDAOFactory.AitDAOFactory()
[11:15:52][INF]: exiting: AitDAOFactory.AitDAOFactory()
[11:15:52][INF]: opening: AitDAOFactory.instantiateDAO()
[11:15:52][INF]: opening: AitGenericDAO.AitGenericDAO(Session)
[11:15:52][INF]: exiting: AitGenericDAO.AitGenericDAO(Session)
[11:15:52][INF]: exiting: AitDAOFactory.instantiateDAO()
[11:15:52][INF]: opening: AitAccountDAO.findAccountByPass(String)
[11:15:52][INF]: exiting: AitAccountDAO.findAccountByPass(String)
[11:15:52][INF]: opening: AitDAOFactory.AitDAOFactory()
[11:15:52][INF]: exiting: AitDAOFactory.AitDAOFactory()
[12:25:14][INF]: opening: AitHibernateUtil.AitHibernateUtil()
[12:25:14][INF]: exiting: AitHibernateUtil.AitHibernateUtil()
[12:25:14][INF]: opening: AitHibernateUtil.getSessionFactory()
[12:25:15][INF]: exiting: AitHibernateUtil.getSessionFactory()
[12:25:15][INF]: opening: AitDAOFactory.AitDAOFactory()
[12:25:15][INF]: exiting: AitDAOFactory.AitDAOFactory()
[12:25:15][INF]: opening: AitDAOFactory.instantiateDAO()
[12:25:15][INF]: opening: AitGenericDAO.AitGenericDAO(Session)
[12:25:15][INF]: exiting: AitGenericDAO.AitGenericDAO(Session)
[12:25:15][INF]: exiting: AitDAOFactory.instantiateDAO()
[12:25:15][INF]: opening: AitAccountDAO.findAccountByPass(String)
[12:25:15][INF]: exiting: AitAccountDAO.findAccountByPass(String)
[12:25:15][INF]: opening: AitDAOFactory.AitDAOFactory()
[12:25:15][INF]: exiting: AitDAOFactory.AitDAOFactory()
[12:26:11][INF]: opening: AitHibernateUtil.AitHibernateUtil()
[12:26:11][INF]: exiting: AitHibernateUtil.AitHibernateUtil()
[12:26:11][INF]: opening: AitHibernateUtil.getSessionFactory()
[12:26:12][INF]: exiting: AitHibernateUtil.getSessionFactory()
[12:26:12][INF]: opening: AitDAOFactory.AitDAOFactory()
[12:26:12][INF]: exiting: AitDAOFactory.AitDAOFactory()
[12:26:12][INF]: opening: AitDAOFactory.instantiateDAO()
[12:26:12][INF]: opening: AitGenericDAO.AitGenericDAO(Session)
[12:26:12][INF]: exiting: AitGenericDAO.AitGenericDAO(Session)
[12:26:12][INF]: exiting: AitDAOFactory.instantiateDAO()
[12:26:12][INF]: opening: AitAccountDAO.findAccountByPass(String)
[12:26:12][INF]: exiting: AitAccountDAO.findAccountByPass(String)
[12:26:12][INF]: opening: AitDAOFactory.AitDAOFactory()
[12:26:12][INF]: exiting: AitDAOFactory.AitDAOFactory()
[01:05:37][INF]: opening: AitHibernateUtil.AitHibernateUtil()
[01:05:37][INF]: exiting: AitHibernateUtil.AitHibernateUtil()
[01:05:37][INF]: opening: AitHibernateUtil.getSessionFactory()
[01:05:39][INF]: opening: AitHibernateUtil.AitHibernateUtil()
[01:05:39][INF]: exiting: AitHibernateUtil.AitHibernateUtil()
[01:05:39][INF]: opening: AitHibernateUtil.getSessionFactory()
[01:05:40][INF]: exiting: AitHibernateUtil.getSessionFactory()
[01:05:40][INF]: opening: AitDAOFactory.AitDAOFactory()
[01:05:40][INF]: exiting: AitDAOFactory.AitDAOFactory()
[01:05:40][INF]: opening: AitDAOFactory.instantiateDAO()
[01:05:40][INF]: opening: AitGenericDAO.AitGenericDAO(Session)
[01:05:40][INF]: exiting: AitGenericDAO.AitGenericDAO(Session)
[01:05:40][INF]: exiting: AitDAOFactory.instantiateDAO()
[01:05:40][INF]: opening: AitAccountDAO.findAccountByPass(String)
[02:41:59][INF]: opening: AitIdManager.initFrames()
[02:41:59][INF]: exiting: AitIdManager.initFrames()
[02:41:59][INF]: opening: AitInitializer.testDBConnection()
[02:41:59][INF]: opening: AitHibernateUtil.AitHibernateUtil()
[02:41:59][INF]: exiting: AitHibernateUtil.AitHibernateUtil()
[02:41:59][INF]: opening: AitHibernateUtil.getSessionFactory()
[02:42:00][INF]: exiting: AitHibernateUtil.getSessionFactory()
[02:42:00][INF]: exiting: AitInitializer.testDBConnection()
[02:42:00][INF]: opening: AitArnoController.initialize()
[02:42:00][INF]: opening: AitInitializer.registerAppSettings()
[02:42:00][INF]: exiting: AitInitializer.registerAppSettings()
[02:42:00][INF]: exiting: AitArnoController.initialize()
[02:42:03][INF]: opening: AitDAOFactory.AitDAOFactory()
[02:42:03][INF]: exiting: AitDAOFactory.AitDAOFactory()
[02:42:03][INF]: opening: AitDAOFactory.instantiateDAO()
[02:42:03][INF]: opening: AitGenericDAO.AitGenericDAO(Session)
[02:42:03][INF]: exiting: AitGenericDAO.AitGenericDAO(Session)
[02:42:03][INF]: exiting: AitDAOFactory.instantiateDAO()
[02:42:03][INF]: opening: AitUserHostDAO.findUserHostsByHostName(String)
[02:42:37][INF]: opening: AitIdManager.initFrames()
[02:42:37][INF]: exiting: AitIdManager.initFrames()
[02:42:37][INF]: opening: AitInitializer.testDBConnection()
[02:42:37][INF]: opening: AitHibernateUtil.AitHibernateUtil()
[02:42:37][INF]: exiting: AitHibernateUtil.AitHibernateUtil()
[02:42:37][INF]: opening: AitHibernateUtil.getSessionFactory()
[02:42:38][INF]: exiting: AitHibernateUtil.getSessionFactory()
[02:42:38][INF]: exiting: AitInitializer.testDBConnection()
[02:42:38][INF]: opening: AitArnoController.initialize()
[02:42:38][INF]: opening: AitInitializer.registerAppSettings()
[02:42:38][INF]: exiting: AitInitializer.registerAppSettings()
[02:42:38][INF]: exiting: AitArnoController.initialize()
[02:42:41][INF]: opening: AitDAOFactory.AitDAOFactory()
[02:42:41][INF]: exiting: AitDAOFactory.AitDAOFactory()
[02:42:41][INF]: opening: AitDAOFactory.instantiateDAO()
[02:42:41][INF]: opening: AitGenericDAO.AitGenericDAO(Session)
[02:42:41][INF]: exiting: AitGenericDAO.AitGenericDAO(Session)
[02:42:41][INF]: exiting: AitDAOFactory.instantiateDAO()
[02:42:41][INF]: opening: AitUserHostDAO.findUserHostsByHostName(String)
[02:42:41][INF]: opening: AitDAOFactory.AitDAOFactory()
[02:42:41][INF]: exiting: AitDAOFactory.AitDAOFactory()
[02:42:41][INF]: exiting: AitUserHostDAO.findUserHostsByHostName(String)
[02:42:41][INF]: opening: AitDAOFactory.AitDAOFactory()
[02:42:41][INF]: exiting: AitDAOFactory.AitDAOFactory()
[02:42:41][INF]: opening: AitDashboardController.initialize()
[02:42:41][INF]: opening: AitDAOFactory.AitDAOFactory()
[02:42:41][INF]: exiting: AitDAOFactory.AitDAOFactory()
[02:42:41][INF]: opening: AitDAOFactory.instantiateDAO()
[02:42:41][INF]: opening: AitGenericDAO.AitGenericDAO(Session)
[02:42:41][INF]: exiting: AitGenericDAO.AitGenericDAO(Session)
[02:42:41][INF]: exiting: AitDAOFactory.instantiateDAO()
[02:42:41][INF]: opening: AitUserDataDAO.findUserHostsByAccountId(int)
[02:43:22][INF]: opening: AitIdManager.initFrames()
[02:43:22][INF]: exiting: AitIdManager.initFrames()
[02:43:22][INF]: opening: AitInitializer.testDBConnection()
[02:43:22][INF]: opening: AitHibernateUtil.AitHibernateUtil()
[02:43:22][INF]: exiting: AitHibernateUtil.AitHibernateUtil()
[02:43:22][INF]: opening: AitHibernateUtil.getSessionFactory()
[02:43:23][INF]: exiting: AitHibernateUtil.getSessionFactory()
[02:43:23][INF]: exiting: AitInitializer.testDBConnection()
[02:43:23][INF]: opening: AitArnoController.initialize()
[02:43:23][INF]: opening: AitInitializer.registerAppSettings()
[02:43:23][INF]: exiting: AitInitializer.registerAppSettings()
[02:43:23][INF]: exiting: AitArnoController.initialize()
[02:43:26][INF]: opening: AitDAOFactory.AitDAOFactory()
[02:43:26][INF]: exiting: AitDAOFactory.AitDAOFactory()
[02:43:26][INF]: opening: AitDAOFactory.instantiateDAO()
[02:43:26][INF]: opening: AitGenericDAO.AitGenericDAO(Session)
[02:43:26][INF]: exiting: AitGenericDAO.AitGenericDAO(Session)
[02:43:26][INF]: exiting: AitDAOFactory.instantiateDAO()
[02:43:26][INF]: opening: AitUserHostDAO.findUserHostsByHostName(String)
[02:43:26][INF]: opening: AitDAOFactory.AitDAOFactory()
[02:43:26][INF]: exiting: AitDAOFactory.AitDAOFactory()
[02:43:26][INF]: exiting: AitUserHostDAO.findUserHostsByHostName(String)
[02:43:26][INF]: opening: AitDAOFactory.AitDAOFactory()
[02:43:26][INF]: exiting: AitDAOFactory.AitDAOFactory()
[02:43:26][INF]: opening: AitDashboardController.initialize()
[02:43:26][INF]: opening: AitDAOFactory.AitDAOFactory()
[02:43:26][INF]: exiting: AitDAOFactory.AitDAOFactory()
[02:43:26][INF]: opening: AitDAOFactory.instantiateDAO()
[02:43:26][INF]: opening: AitGenericDAO.AitGenericDAO(Session)
[02:43:26][INF]: exiting: AitGenericDAO.AitGenericDAO(Session)
[02:43:26][INF]: exiting: AitDAOFactory.instantiateDAO()
[02:43:26][INF]: opening: AitUserDataDAO.findUserHostsByAccountId(int)
[02:43:26][INF]: opening: AitDAOFactory.AitDAOFactory()
[02:43:26][INF]: exiting: AitDAOFactory.AitDAOFactory()
[02:43:26][INF]: exiting: AitUserDataDAO.findUserHostsByAccountId(int)
[02:43:26][INF]: exiting: AitDashboardController.initialize()
[02:44:14][INF]: opening: AitIdManager.initFrames()
[02:44:14][INF]: exiting: AitIdManager.initFrames()
[02:44:14][INF]: opening: AitInitializer.testDBConnection()
[02:44:14][INF]: opening: AitHibernateUtil.AitHibernateUtil()
[02:44:14][INF]: exiting: AitHibernateUtil.AitHibernateUtil()
[02:44:14][INF]: opening: AitHibernateUtil.getSessionFactory()
[02:44:15][INF]: exiting: AitHibernateUtil.getSessionFactory()
[02:44:15][INF]: exiting: AitInitializer.testDBConnection()
[02:44:15][INF]: opening: AitArnoController.initialize()
[02:44:15][INF]: opening: AitInitializer.registerAppSettings()
[02:44:15][INF]: exiting: AitInitializer.registerAppSettings()
[02:44:15][INF]: exiting: AitArnoController.initialize()
[02:44:18][INF]: opening: AitDAOFactory.AitDAOFactory()
[02:44:18][INF]: exiting: AitDAOFactory.AitDAOFactory()
[02:44:18][INF]: opening: AitDAOFactory.instantiateDAO()
[02:44:18][INF]: opening: AitGenericDAO.AitGenericDAO(Session)
[02:44:18][INF]: exiting: AitGenericDAO.AitGenericDAO(Session)
[02:44:18][INF]: exiting: AitDAOFactory.instantiateDAO()
[02:44:18][INF]: opening: AitUserHostDAO.findUserHostsByHostName(String)
[02:44:18][INF]: opening: AitDAOFactory.AitDAOFactory()
[02:44:18][INF]: exiting: AitDAOFactory.AitDAOFactory()
[02:44:18][INF]: exiting: AitUserHostDAO.findUserHostsByHostName(String)
[02:44:18][INF]: opening: AitDAOFactory.AitDAOFactory()
[02:44:18][INF]: exiting: AitDAOFactory.AitDAOFactory()
[02:44:18][INF]: opening: AitDashboardController.initialize()
[02:44:18][INF]: opening: AitDAOFactory.AitDAOFactory()
[02:44:18][INF]: exiting: AitDAOFactory.AitDAOFactory()
[02:44:18][INF]: opening: AitDAOFactory.instantiateDAO()
[02:44:18][INF]: opening: AitGenericDAO.AitGenericDAO(Session)
[02:44:18][INF]: exiting: AitGenericDAO.AitGenericDAO(Session)
[02:44:18][INF]: exiting: AitDAOFactory.instantiateDAO()
[02:44:18][INF]: opening: AitUserDataDAO.findUserHostsByAccountId(int)
[02:44:18][INF]: opening: AitDAOFactory.AitDAOFactory()
[02:44:18][INF]: exiting: AitDAOFactory.AitDAOFactory()
[02:44:18][INF]: exiting: AitUserDataDAO.findUserHostsByAccountId(int)
[02:44:18][INF]: exiting: AitDashboardController.initialize()
