[01:36:45][INF]: opening: AitIdManager.initFrames()
[01:36:45][INF]: exiting: AitIdManager.initFrames()
[01:36:45][INF]: opening: AitInitializer.testDBConnection()
[01:36:45][INF]: opening: AitHibernateUtil.AitHibernateUtil()
[01:36:45][INF]: exiting: AitHibernateUtil.AitHibernateUtil()
[01:36:45][INF]: opening: AitHibernateUtil.getSessionFactory()
[01:36:49][INF]: exiting: AitHibernateUtil.getSessionFactory()
[01:40:23][INF]: opening: AitIdManager.initFrames()
[01:40:31][INF]: exiting: AitIdManager.initFrames()
[01:40:59][INF]: opening: AitInitializer.testDBConnection()
[01:40:59][INF]: opening: AitHibernateUtil.AitHibernateUtil()
[01:40:59][INF]: exiting: AitHibernateUtil.AitHibernateUtil()
[01:40:59][INF]: opening: AitHibernateUtil.getSessionFactory()
[01:41:04][INF]: exiting: AitHibernateUtil.getSessionFactory()
[02:03:54][INF]: opening: AitIdManager.initFrames()
[02:03:54][INF]: exiting: AitIdManager.initFrames()
[02:03:55][INF]: opening: AitInitializer.testDBConnection()
[02:03:55][INF]: opening: AitHibernateUtil.AitHibernateUtil()
[02:03:55][INF]: exiting: AitHibernateUtil.AitHibernateUtil()
[02:03:55][INF]: opening: AitHibernateUtil.getSessionFactory()
[02:04:00][INF]: exiting: AitHibernateUtil.getSessionFactory()
[02:04:27][INF]: opening: AitIdManager.initFrames()
[02:04:27][INF]: exiting: AitIdManager.initFrames()
[02:05:00][INF]: opening: AitInitializer.testDBConnection()
[02:05:10][INF]: opening: AitHibernateUtil.AitHibernateUtil()
[02:05:10][INF]: exiting: AitHibernateUtil.AitHibernateUtil()
[02:05:10][INF]: opening: AitHibernateUtil.getSessionFactory()
[02:05:16][INF]: exiting: AitHibernateUtil.getSessionFactory()
[02:06:05][INF]: opening: AitIdManager.initFrames()
[02:06:05][INF]: exiting: AitIdManager.initFrames()
[02:06:08][INF]: opening: AitInitializer.testDBConnection()
[02:06:10][INF]: opening: AitHibernateUtil.AitHibernateUtil()
[02:06:10][INF]: exiting: AitHibernateUtil.AitHibernateUtil()
[02:06:10][INF]: opening: AitHibernateUtil.getSessionFactory()
[02:09:00][INF]: exiting: AitHibernateUtil.getSessionFactory()
[02:09:05][INF]: opening: AitIdManager.initFrames()
[02:09:05][INF]: exiting: AitIdManager.initFrames()
[02:09:11][INF]: opening: AitInitializer.testDBConnection()
[02:09:13][INF]: opening: AitHibernateUtil.AitHibernateUtil()
[02:09:13][INF]: exiting: AitHibernateUtil.AitHibernateUtil()
[02:09:13][INF]: opening: AitHibernateUtil.getSessionFactory()
[02:10:13][INF]: exiting: AitHibernateUtil.getSessionFactory()
[02:10:16][INF]: opening: AitIdManager.initFrames()
[02:10:16][INF]: exiting: AitIdManager.initFrames()
[02:10:23][INF]: opening: AitInitializer.testDBConnection()
[02:10:23][INF]: opening: AitHibernateUtil.AitHibernateUtil()
[02:10:23][INF]: exiting: AitHibernateUtil.AitHibernateUtil()
[02:10:23][INF]: opening: AitHibernateUtil.getSessionFactory()
[02:11:02][INF]: exiting: AitHibernateUtil.getSessionFactory()
[02:11:05][INF]: opening: AitIdManager.initFrames()
[02:11:05][INF]: exiting: AitIdManager.initFrames()
[02:11:06][INF]: opening: AitInitializer.testDBConnection()
[02:11:06][INF]: opening: AitHibernateUtil.AitHibernateUtil()
[02:11:06][INF]: exiting: AitHibernateUtil.AitHibernateUtil()
[02:11:06][INF]: opening: AitHibernateUtil.getSessionFactory()
[02:15:33][INF]: exiting: AitHibernateUtil.getSessionFactory()
[02:15:36][INF]: opening: AitIdManager.initFrames()
[02:15:36][INF]: exiting: AitIdManager.initFrames()
[02:15:36][INF]: opening: AitInitializer.testDBConnection()
[02:15:36][INF]: opening: AitHibernateUtil.AitHibernateUtil()
[02:16:03][INF]: exiting: AitHibernateUtil.AitHibernateUtil()
[02:16:03][INF]: opening: AitHibernateUtil.getSessionFactory()
[02:16:16][INF]: exiting: AitHibernateUtil.getSessionFactory()
[02:17:15][INF]: opening: AitIdManager.initFrames()
[02:17:15][INF]: exiting: AitIdManager.initFrames()
[02:17:15][INF]: opening: AitInitializer.testDBConnection()
[02:17:15][INF]: opening: AitHibernateUtil.AitHibernateUtil()
[02:17:15][INF]: exiting: AitHibernateUtil.AitHibernateUtil()
[02:17:15][INF]: opening: AitHibernateUtil.getSessionFactory()
[02:17:20][INF]: exiting: AitHibernateUtil.getSessionFactory()
[02:21:02][INF]: opening: AitIdManager.initFrames()
[02:21:02][INF]: exiting: AitIdManager.initFrames()
[02:21:02][INF]: opening: AitInitializer.testDBConnection()
[02:21:02][INF]: opening: AitHibernateUtil.AitHibernateUtil()
[02:21:02][INF]: exiting: AitHibernateUtil.AitHibernateUtil()
[02:21:02][INF]: opening: AitHibernateUtil.getSessionFactory()
[02:21:07][INF]: exiting: AitHibernateUtil.getSessionFactory()
[02:21:18][INF]: opening: AitIdManager.initFrames()
[02:21:18][INF]: exiting: AitIdManager.initFrames()
[02:21:18][INF]: opening: AitInitializer.testDBConnection()
[02:21:18][INF]: opening: AitHibernateUtil.AitHibernateUtil()
[04:32:25][INF]: exiting: AitHibernateUtil.AitHibernateUtil()
[04:32:25][INF]: opening: AitHibernateUtil.getSessionFactory()
[04:37:48][INF]: opening: AitIdManager.initFrames()
[04:37:48][INF]: exiting: AitIdManager.initFrames()
[04:37:49][INF]: opening: AitInitializer.testDBConnection()
[04:37:49][INF]: opening: AitHibernateUtil.AitHibernateUtil()
[04:37:49][INF]: exiting: AitHibernateUtil.AitHibernateUtil()
[04:58:28][INF]: opening: AitIdManager.initFrames()
[04:58:28][INF]: exiting: AitIdManager.initFrames()
[04:58:28][INF]: opening: AitInitializer.testDBConnection()
[04:58:28][INF]: opening: AitHibernateUtil.AitHibernateUtil()
[04:58:28][INF]: exiting: AitHibernateUtil.AitHibernateUtil()
[04:58:28][INF]: opening: AitHibernateUtil.getSessionFactory()
[04:58:29][INF]: exiting: AitHibernateUtil.getSessionFactory()
